INFO: 2025-08-09 23:00:46 - [uvicorn.error] - server._serve:84 - Started server process [32928]
INFO: 2025-08-09 23:00:46 - [uvicorn.error] - on.startup:48 - Waiting for application startup.
INFO: 2025-08-09 23:00:46 - [uvicorn.error] - on.startup:62 - Application startup complete.
INFO: 2025-08-09 23:00:49 - [uvicorn.error] - server.shutdown:264 - Shutting down
INFO: 2025-08-09 23:00:49 - [uvicorn.error] - on.shutdown:67 - Waiting for application shutdown.
INFO: 2025-08-09 23:00:49 - [uvicorn.error] - on.shutdown:76 - Application shutdown complete.
INFO: 2025-08-09 23:00:49 - [uvicorn.error] - server._serve:94 - Finished server process [32928]
INFO: 2025-08-09 23:00:51 - [uvicorn.error] - server._serve:84 - Started server process [34248]
INFO: 2025-08-09 23:00:51 - [uvicorn.error] - on.startup:48 - Waiting for application startup.
INFO: 2025-08-09 23:00:51 - [uvicorn.error] - on.startup:62 - Application startup complete.
INFO: 2025-08-09 23:03:03 - [uvicorn.error] - server.shutdown:264 - Shutting down
INFO: 2025-08-09 23:03:03 - [uvicorn.error] - on.shutdown:67 - Waiting for application shutdown.
INFO: 2025-08-09 23:03:03 - [uvicorn.error] - on.shutdown:76 - Application shutdown complete.
INFO: 2025-08-09 23:03:03 - [uvicorn.error] - server._serve:94 - Finished server process [34248]
INFO: 2025-08-09 23:03:06 - [uvicorn.error] - server._serve:84 - Started server process [33392]
INFO: 2025-08-09 23:03:06 - [uvicorn.error] - on.startup:48 - Waiting for application startup.
INFO: 2025-08-09 23:03:06 - [uvicorn.error] - on.startup:62 - Application startup complete.
INFO: 2025-08-09 23:23:23 - [uvicorn.error] - server.shutdown:264 - Shutting down
INFO: 2025-08-09 23:23:23 - [uvicorn.error] - on.shutdown:67 - Waiting for application shutdown.
INFO: 2025-08-09 23:23:23 - [uvicorn.error] - on.shutdown:76 - Application shutdown complete.
INFO: 2025-08-09 23:23:23 - [uvicorn.error] - server._serve:94 - Finished server process [33392]
INFO: 2025-08-09 23:23:26 - [uvicorn.error] - server._serve:84 - Started server process [21288]
INFO: 2025-08-09 23:23:26 - [uvicorn.error] - on.startup:48 - Waiting for application startup.
INFO: 2025-08-09 23:23:26 - [uvicorn.error] - on.startup:62 - Application startup complete.
INFO: 2025-08-09 23:23:38 - [uvicorn.error] - server.shutdown:264 - Shutting down
INFO: 2025-08-09 23:23:39 - [uvicorn.error] - on.shutdown:67 - Waiting for application shutdown.
INFO: 2025-08-09 23:23:39 - [uvicorn.error] - on.shutdown:76 - Application shutdown complete.
INFO: 2025-08-09 23:23:39 - [uvicorn.error] - server._serve:94 - Finished server process [21288]
INFO: 2025-08-09 23:23:41 - [uvicorn.error] - server._serve:84 - Started server process [31100]
INFO: 2025-08-09 23:23:41 - [uvicorn.error] - on.startup:48 - Waiting for application startup.
INFO: 2025-08-09 23:23:41 - [uvicorn.error] - on.startup:62 - Application startup complete.
INFO: 2025-08-09 23:33:06 - [uvicorn.error] - server.shutdown:264 - Shutting down
INFO: 2025-08-09 23:33:06 - [uvicorn.error] - on.shutdown:67 - Waiting for application shutdown.
INFO: 2025-08-09 23:33:06 - [uvicorn.error] - on.shutdown:76 - Application shutdown complete.
INFO: 2025-08-09 23:33:06 - [uvicorn.error] - server._serve:94 - Finished server process [31100]
INFO: 2025-08-09 23:33:08 - [uvicorn.error] - server._serve:84 - Started server process [32088]
INFO: 2025-08-09 23:33:08 - [uvicorn.error] - on.startup:48 - Waiting for application startup.
INFO: 2025-08-09 23:33:08 - [uvicorn.error] - on.startup:62 - Application startup complete.
INFO: 2025-08-10 12:18:13 - [app.main] - main.log_requests:35 - 
request: GET / | response: 200 0.0354s

INFO: 2025-08-10 12:18:13 - [uvicorn.access] - httptools_impl.send:476 - 27.0.238.181:0 - "GET / HTTP/1.1" 200
